  [1m[35m (194.4ms)[0m  [1m[35mCREATE TABLE "schema_migrations" ("version" varchar NOT NULL PRIMARY KEY)[0m
  [1m[35m (86.6ms)[0m  [1m[35mCREATE TABLE "ar_internal_metadata" ("key" varchar NOT NULL PRIMARY KEY, "value" varchar, "created_at" datetime NOT NULL, "updated_at" datetime NOT NULL)[0m
  [1m[36mActiveRecord::SchemaMigration Load (0.1ms)[0m  [1m[34mSELECT "schema_migrations".* FROM "schema_migrations"[0m
Migrating to CreateUsers (20161230143631)
  [1m[35m (0.1ms)[0m  [1m[36mbegin transaction[0m
  [1m[35m (0.3ms)[0m  [1m[35mCREATE TABLE "users" ("id" INTEGER PRIMARY KEY AUTOINCREMENT NOT NULL, "name" varchar, "email" varchar, "string" varchar, "password_digest" varchar, "created_at" datetime NOT NULL, "updated_at" datetime NOT NULL)[0m
  [1m[35mSQL (0.2ms)[0m  [1m[32mINSERT INTO "schema_migrations" ("version") VALUES (?)[0m  [["version", "20161230143631"]]
  [1m[35m (67.4ms)[0m  [1m[36mcommit transaction[0m
  [1m[36mActiveRecord::InternalMetadata Load (0.2ms)[0m  [1m[34mSELECT  "ar_internal_metadata".* FROM "ar_internal_metadata" WHERE "ar_internal_metadata"."key" = ? LIMIT ?[0m  [["key", :environment], ["LIMIT", 1]]
  [1m[35m (0.0ms)[0m  [1m[36mbegin transaction[0m
  [1m[35mSQL (0.2ms)[0m  [1m[32mINSERT INTO "ar_internal_metadata" ("key", "value", "created_at", "updated_at") VALUES (?, ?, ?, ?)[0m  [["key", "environment"], ["value", "development"], ["created_at", 2016-12-30 14:38:20 UTC], ["updated_at", 2016-12-30 14:38:20 UTC]]
  [1m[35m (74.0ms)[0m  [1m[36mcommit transaction[0m
  [1m[36mActiveRecord::SchemaMigration Load (0.1ms)[0m  [1m[34mSELECT "schema_migrations".* FROM "schema_migrations"[0m
  [1m[36mUser Load (1.6ms)[0m  [1m[34mSELECT "users".* FROM "users"[0m
  [1m[36mUser Load (0.2ms)[0m  [1m[34mSELECT "users".* FROM "users"[0m
  [1m[35m (0.1ms)[0m  [1m[36mbegin transaction[0m
  [1m[35mSQL (0.2ms)[0m  [1m[32mINSERT INTO "users" ("name", "email", "password_digest", "created_at", "updated_at") VALUES (?, ?, ?, ?, ?)[0m  [["name", "sly"], ["email", "sly@sly.com"], ["password_digest", "$2a$10$cdR62nJk6VMByrqsZqHfsOS8MAoe5EUjCu7hFJrOSASmiXqxBllR6"], ["created_at", 2016-12-30 14:48:20 UTC], ["updated_at", 2016-12-30 14:48:20 UTC]]
  [1m[35m (86.5ms)[0m  [1m[36mcommit transaction[0m
  [1m[36mUser Load (0.4ms)[0m  [1m[34mSELECT "users".* FROM "users"[0m
  [1m[36mUser Load (0.4ms)[0m  [1m[34mSELECT  "users".* FROM "users" ORDER BY "users"."id" ASC LIMIT ?[0m  [["LIMIT", 1]]
  [1m[36mUser Load (0.2ms)[0m  [1m[34mSELECT "users".* FROM "users"[0m
Started GET "/" for 127.0.0.1 at 2016-12-30 16:55:30 +0200
  [1m[36mActiveRecord::SchemaMigration Load (0.1ms)[0m  [1m[34mSELECT "schema_migrations".* FROM "schema_migrations"[0m
Processing by Rails::WelcomeController#index as HTML
  Parameters: {"internal"=>true}
  Rendering /home/sly/.rvm/gems/ruby-2.2.4/gems/railties-5.0.1/lib/rails/templates/rails/welcome/index.html.erb
  Rendered /home/sly/.rvm/gems/ruby-2.2.4/gems/railties-5.0.1/lib/rails/templates/rails/welcome/index.html.erb (2.8ms)
Completed 200 OK in 12ms (Views: 5.3ms | ActiveRecord: 0.0ms)


  [1m[36mActiveRecord::SchemaMigration Load (0.1ms)[0m  [1m[34mSELECT "schema_migrations".* FROM "schema_migrations"[0m
Migrating to AddRememberTokenToUsers (20161230145746)
  [1m[35m (0.0ms)[0m  [1m[36mbegin transaction[0m
  [1m[35m (0.3ms)[0m  [1m[35mALTER TABLE "users" ADD "remember_token" varchar[0m
  [1m[35m (0.1ms)[0m  [1m[34mselect sqlite_version(*)[0m
  [1m[35m (0.1ms)[0m  [1m[35mCREATE  INDEX "index_users_on_remember_token" ON "users" ("remember_token")[0m
  [1m[35mSQL (0.1ms)[0m  [1m[32mINSERT INTO "schema_migrations" ("version") VALUES (?)[0m  [["version", "20161230145746"]]
  [1m[35m (152.9ms)[0m  [1m[36mcommit transaction[0m
  [1m[36mActiveRecord::InternalMetadata Load (0.2ms)[0m  [1m[34mSELECT  "ar_internal_metadata".* FROM "ar_internal_metadata" WHERE "ar_internal_metadata"."key" = ? LIMIT ?[0m  [["key", :environment], ["LIMIT", 1]]
  [1m[35m (0.1ms)[0m  [1m[36mbegin transaction[0m
  [1m[35m (0.1ms)[0m  [1m[36mcommit transaction[0m
  [1m[36mActiveRecord::SchemaMigration Load (0.1ms)[0m  [1m[34mSELECT "schema_migrations".* FROM "schema_migrations"[0m
  [1m[35m (0.1ms)[0m  [1m[34m            SELECT sql
            FROM sqlite_master
            WHERE name='index_users_on_remember_token' AND type='index'
            UNION ALL
            SELECT sql
            FROM sqlite_temp_master
            WHERE name='index_users_on_remember_token' AND type='index'
[0m
  [1m[36mActiveRecord::SchemaMigration Load (0.1ms)[0m  [1m[34mSELECT "schema_migrations".* FROM "schema_migrations"[0m
Migrating to CreatePosts (20161230151249)
  [1m[35m (0.1ms)[0m  [1m[36mbegin transaction[0m
  [1m[35m (0.9ms)[0m  [1m[35mCREATE TABLE "posts" ("id" INTEGER PRIMARY KEY AUTOINCREMENT NOT NULL, "title" varchar, "body" text, "created_at" datetime NOT NULL, "updated_at" datetime NOT NULL)[0m
  [1m[35mSQL (0.1ms)[0m  [1m[32mINSERT INTO "schema_migrations" ("version") VALUES (?)[0m  [["version", "20161230151249"]]
  [1m[35m (227.6ms)[0m  [1m[36mcommit transaction[0m
  [1m[36mActiveRecord::InternalMetadata Load (0.1ms)[0m  [1m[34mSELECT  "ar_internal_metadata".* FROM "ar_internal_metadata" WHERE "ar_internal_metadata"."key" = ? LIMIT ?[0m  [["key", :environment], ["LIMIT", 1]]
  [1m[35m (0.1ms)[0m  [1m[36mbegin transaction[0m
  [1m[35m (0.1ms)[0m  [1m[36mcommit transaction[0m
  [1m[36mActiveRecord::SchemaMigration Load (0.1ms)[0m  [1m[34mSELECT "schema_migrations".* FROM "schema_migrations"[0m
  [1m[35m (0.1ms)[0m  [1m[34m            SELECT sql
            FROM sqlite_master
            WHERE name='index_users_on_remember_token' AND type='index'
            UNION ALL
            SELECT sql
            FROM sqlite_temp_master
            WHERE name='index_users_on_remember_token' AND type='index'
[0m
  [1m[36mActiveRecord::SchemaMigration Load (0.1ms)[0m  [1m[34mSELECT "schema_migrations".* FROM "schema_migrations"[0m
Migrating to AddForeignKeyToPost (20161230152527)
  [1m[35m (0.0ms)[0m  [1m[36mbegin transaction[0m
  [1m[35m (0.3ms)[0m  [1m[35mALTER TABLE "posts" ADD "user_id" integer[0m
  [1m[35m (0.1ms)[0m  [1m[34mselect sqlite_version(*)[0m
  [1m[35m (0.1ms)[0m  [1m[35mCREATE  INDEX "index_posts_on_user_id" ON "posts" ("user_id")[0m
  [1m[35mSQL (0.2ms)[0m  [1m[32mINSERT INTO "schema_migrations" ("version") VALUES (?)[0m  [["version", "20161230152527"]]
  [1m[35m (128.3ms)[0m  [1m[36mcommit transaction[0m
  [1m[36mActiveRecord::InternalMetadata Load (0.1ms)[0m  [1m[34mSELECT  "ar_internal_metadata".* FROM "ar_internal_metadata" WHERE "ar_internal_metadata"."key" = ? LIMIT ?[0m  [["key", :environment], ["LIMIT", 1]]
  [1m[35m (0.1ms)[0m  [1m[36mbegin transaction[0m
  [1m[35m (0.1ms)[0m  [1m[36mcommit transaction[0m
  [1m[36mActiveRecord::SchemaMigration Load (0.1ms)[0m  [1m[34mSELECT "schema_migrations".* FROM "schema_migrations"[0m
  [1m[35m (0.1ms)[0m  [1m[34m            SELECT sql
            FROM sqlite_master
            WHERE name='index_posts_on_user_id' AND type='index'
            UNION ALL
            SELECT sql
            FROM sqlite_temp_master
            WHERE name='index_posts_on_user_id' AND type='index'
[0m
  [1m[35m (0.1ms)[0m  [1m[34m            SELECT sql
            FROM sqlite_master
            WHERE name='index_users_on_remember_token' AND type='index'
            UNION ALL
            SELECT sql
            FROM sqlite_temp_master
            WHERE name='index_users_on_remember_token' AND type='index'
[0m
Started GET "/" for 127.0.0.1 at 2016-12-30 17:28:58 +0200
  [1m[36mActiveRecord::SchemaMigration Load (0.1ms)[0m  [1m[34mSELECT "schema_migrations".* FROM "schema_migrations"[0m
  
SyntaxError (/home/sly/members-only/app/controllers/posts_controller.rb:34: syntax error, unexpected keyword_end, expecting end-of-input):
  
app/controllers/posts_controller.rb:34: syntax error, unexpected keyword_end, expecting end-of-input
  Rendering /home/sly/.rvm/gems/ruby-2.2.4/gems/actionpack-5.0.1/lib/action_dispatch/middleware/templates/rescues/diagnostics.html.erb within rescues/layout
  Rendering /home/sly/.rvm/gems/ruby-2.2.4/gems/actionpack-5.0.1/lib/action_dispatch/middleware/templates/rescues/_source.html.erb
  Rendered /home/sly/.rvm/gems/ruby-2.2.4/gems/actionpack-5.0.1/lib/action_dispatch/middleware/templates/rescues/_source.html.erb (3.3ms)
  Rendering /home/sly/.rvm/gems/ruby-2.2.4/gems/actionpack-5.0.1/lib/action_dispatch/middleware/templates/rescues/_trace.html.erb
  Rendered /home/sly/.rvm/gems/ruby-2.2.4/gems/actionpack-5.0.1/lib/action_dispatch/middleware/templates/rescues/_trace.html.erb (2.6ms)
  Rendering /home/sly/.rvm/gems/ruby-2.2.4/gems/actionpack-5.0.1/lib/action_dispatch/middleware/templates/rescues/_request_and_response.html.erb
  Rendered /home/sly/.rvm/gems/ruby-2.2.4/gems/actionpack-5.0.1/lib/action_dispatch/middleware/templates/rescues/_request_and_response.html.erb (7.0ms)
  Rendered /home/sly/.rvm/gems/ruby-2.2.4/gems/actionpack-5.0.1/lib/action_dispatch/middleware/templates/rescues/diagnostics.html.erb within rescues/layout (28.5ms)
Started GET "/" for 127.0.0.1 at 2016-12-30 17:29:26 +0200
  
RuntimeError (Circular dependency detected while autoloading constant PostsController):
  
app/controllers/posts_controller.rb:1:in `<top (required)>'
  Rendering /home/sly/.rvm/gems/ruby-2.2.4/gems/actionpack-5.0.1/lib/action_dispatch/middleware/templates/rescues/diagnostics.html.erb within rescues/layout
  Rendering /home/sly/.rvm/gems/ruby-2.2.4/gems/actionpack-5.0.1/lib/action_dispatch/middleware/templates/rescues/_source.html.erb
  Rendered /home/sly/.rvm/gems/ruby-2.2.4/gems/actionpack-5.0.1/lib/action_dispatch/middleware/templates/rescues/_source.html.erb (4.2ms)
  Rendering /home/sly/.rvm/gems/ruby-2.2.4/gems/actionpack-5.0.1/lib/action_dispatch/middleware/templates/rescues/_trace.html.erb
  Rendered /home/sly/.rvm/gems/ruby-2.2.4/gems/actionpack-5.0.1/lib/action_dispatch/middleware/templates/rescues/_trace.html.erb (2.2ms)
  Rendering /home/sly/.rvm/gems/ruby-2.2.4/gems/actionpack-5.0.1/lib/action_dispatch/middleware/templates/rescues/_request_and_response.html.erb
  Rendered /home/sly/.rvm/gems/ruby-2.2.4/gems/actionpack-5.0.1/lib/action_dispatch/middleware/templates/rescues/_request_and_response.html.erb (0.9ms)
  Rendered /home/sly/.rvm/gems/ruby-2.2.4/gems/actionpack-5.0.1/lib/action_dispatch/middleware/templates/rescues/diagnostics.html.erb within rescues/layout (20.5ms)
Started GET "/" for 127.0.0.1 at 2016-12-30 17:29:50 +0200
  
RuntimeError (Circular dependency detected while autoloading constant PostsController):
  
app/controllers/posts_controller.rb:1:in `<top (required)>'
  Rendering /home/sly/.rvm/gems/ruby-2.2.4/gems/actionpack-5.0.1/lib/action_dispatch/middleware/templates/rescues/diagnostics.html.erb within rescues/layout
  Rendering /home/sly/.rvm/gems/ruby-2.2.4/gems/actionpack-5.0.1/lib/action_dispatch/middleware/templates/rescues/_source.html.erb
  Rendered /home/sly/.rvm/gems/ruby-2.2.4/gems/actionpack-5.0.1/lib/action_dispatch/middleware/templates/rescues/_source.html.erb (5.3ms)
  Rendering /home/sly/.rvm/gems/ruby-2.2.4/gems/actionpack-5.0.1/lib/action_dispatch/middleware/templates/rescues/_trace.html.erb
  Rendered /home/sly/.rvm/gems/ruby-2.2.4/gems/actionpack-5.0.1/lib/action_dispatch/middleware/templates/rescues/_trace.html.erb (2.7ms)
  Rendering /home/sly/.rvm/gems/ruby-2.2.4/gems/actionpack-5.0.1/lib/action_dispatch/middleware/templates/rescues/_request_and_response.html.erb
  Rendered /home/sly/.rvm/gems/ruby-2.2.4/gems/actionpack-5.0.1/lib/action_dispatch/middleware/templates/rescues/_request_and_response.html.erb (1.1ms)
  Rendered /home/sly/.rvm/gems/ruby-2.2.4/gems/actionpack-5.0.1/lib/action_dispatch/middleware/templates/rescues/diagnostics.html.erb within rescues/layout (22.7ms)
Started GET "/" for 127.0.0.1 at 2016-12-30 17:29:54 +0200
  
RuntimeError (Circular dependency detected while autoloading constant PostsController):
  
app/controllers/posts_controller.rb:1:in `<top (required)>'
  Rendering /home/sly/.rvm/gems/ruby-2.2.4/gems/actionpack-5.0.1/lib/action_dispatch/middleware/templates/rescues/diagnostics.html.erb within rescues/layout
  Rendering /home/sly/.rvm/gems/ruby-2.2.4/gems/actionpack-5.0.1/lib/action_dispatch/middleware/templates/rescues/_source.html.erb
  Rendered /home/sly/.rvm/gems/ruby-2.2.4/gems/actionpack-5.0.1/lib/action_dispatch/middleware/templates/rescues/_source.html.erb (3.2ms)
  Rendering /home/sly/.rvm/gems/ruby-2.2.4/gems/actionpack-5.0.1/lib/action_dispatch/middleware/templates/rescues/_trace.html.erb
  Rendered /home/sly/.rvm/gems/ruby-2.2.4/gems/actionpack-5.0.1/lib/action_dispatch/middleware/templates/rescues/_trace.html.erb (2.1ms)
  Rendering /home/sly/.rvm/gems/ruby-2.2.4/gems/actionpack-5.0.1/lib/action_dispatch/middleware/templates/rescues/_request_and_response.html.erb
  Rendered /home/sly/.rvm/gems/ruby-2.2.4/gems/actionpack-5.0.1/lib/action_dispatch/middleware/templates/rescues/_request_and_response.html.erb (0.7ms)
  Rendered /home/sly/.rvm/gems/ruby-2.2.4/gems/actionpack-5.0.1/lib/action_dispatch/middleware/templates/rescues/diagnostics.html.erb within rescues/layout (19.5ms)
Started GET "/" for 127.0.0.1 at 2016-12-30 17:30:01 +0200
  
SyntaxError (/home/sly/members-only/app/controllers/posts_controller.rb:32: syntax error, unexpected end-of-input, expecting keyword_end):
  
app/controllers/posts_controller.rb:32: syntax error, unexpected end-of-input, expecting keyword_end
  Rendering /home/sly/.rvm/gems/ruby-2.2.4/gems/actionpack-5.0.1/lib/action_dispatch/middleware/templates/rescues/diagnostics.html.erb within rescues/layout
  Rendering /home/sly/.rvm/gems/ruby-2.2.4/gems/actionpack-5.0.1/lib/action_dispatch/middleware/templates/rescues/_source.html.erb
  Rendered /home/sly/.rvm/gems/ruby-2.2.4/gems/actionpack-5.0.1/lib/action_dispatch/middleware/templates/rescues/_source.html.erb (3.0ms)
  Rendering /home/sly/.rvm/gems/ruby-2.2.4/gems/actionpack-5.0.1/lib/action_dispatch/middleware/templates/rescues/_trace.html.erb
  Rendered /home/sly/.rvm/gems/ruby-2.2.4/gems/actionpack-5.0.1/lib/action_dispatch/middleware/templates/rescues/_trace.html.erb (1.6ms)
  Rendering /home/sly/.rvm/gems/ruby-2.2.4/gems/actionpack-5.0.1/lib/action_dispatch/middleware/templates/rescues/_request_and_response.html.erb
  Rendered /home/sly/.rvm/gems/ruby-2.2.4/gems/actionpack-5.0.1/lib/action_dispatch/middleware/templates/rescues/_request_and_response.html.erb (0.6ms)
  Rendered /home/sly/.rvm/gems/ruby-2.2.4/gems/actionpack-5.0.1/lib/action_dispatch/middleware/templates/rescues/diagnostics.html.erb within rescues/layout (17.0ms)
Started GET "/" for 127.0.0.1 at 2016-12-30 17:30:38 +0200
  
ActionController::RoutingError (uninitialized constant About):
  
app/controllers/posts_controller.rb:36:in `<top (required)>'
  Rendering /home/sly/.rvm/gems/ruby-2.2.4/gems/actionpack-5.0.1/lib/action_dispatch/middleware/templates/rescues/routing_error.html.erb within rescues/layout
  Rendering /home/sly/.rvm/gems/ruby-2.2.4/gems/actionpack-5.0.1/lib/action_dispatch/middleware/templates/rescues/_trace.html.erb
  Rendered /home/sly/.rvm/gems/ruby-2.2.4/gems/actionpack-5.0.1/lib/action_dispatch/middleware/templates/rescues/_trace.html.erb (1.4ms)
  Rendered collection of /home/sly/.rvm/gems/ruby-2.2.4/gems/actionpack-5.0.1/lib/action_dispatch/middleware/templates/routes/_route.html.erb [9 times] (2.7ms)
  Rendered /home/sly/.rvm/gems/ruby-2.2.4/gems/actionpack-5.0.1/lib/action_dispatch/middleware/templates/routes/_table.html.erb (4.1ms)
  Rendering /home/sly/.rvm/gems/ruby-2.2.4/gems/actionpack-5.0.1/lib/action_dispatch/middleware/templates/rescues/_request_and_response.html.erb
  Rendered /home/sly/.rvm/gems/ruby-2.2.4/gems/actionpack-5.0.1/lib/action_dispatch/middleware/templates/rescues/_request_and_response.html.erb (0.8ms)
  Rendered /home/sly/.rvm/gems/ruby-2.2.4/gems/actionpack-5.0.1/lib/action_dispatch/middleware/templates/rescues/routing_error.html.erb within rescues/layout (28.2ms)
Started GET "/" for 127.0.0.1 at 2016-12-30 17:30:42 +0200
  
ActionController::RoutingError (uninitialized constant About):
  
app/controllers/posts_controller.rb:36:in `<top (required)>'
  Rendering /home/sly/.rvm/gems/ruby-2.2.4/gems/actionpack-5.0.1/lib/action_dispatch/middleware/templates/rescues/routing_error.html.erb within rescues/layout
  Rendering /home/sly/.rvm/gems/ruby-2.2.4/gems/actionpack-5.0.1/lib/action_dispatch/middleware/templates/rescues/_trace.html.erb
  Rendered /home/sly/.rvm/gems/ruby-2.2.4/gems/actionpack-5.0.1/lib/action_dispatch/middleware/templates/rescues/_trace.html.erb (1.3ms)
  Rendered collection of /home/sly/.rvm/gems/ruby-2.2.4/gems/actionpack-5.0.1/lib/action_dispatch/middleware/templates/routes/_route.html.erb [9 times] (4.6ms)
  Rendered /home/sly/.rvm/gems/ruby-2.2.4/gems/actionpack-5.0.1/lib/action_dispatch/middleware/templates/routes/_table.html.erb (1.0ms)
  Rendering /home/sly/.rvm/gems/ruby-2.2.4/gems/actionpack-5.0.1/lib/action_dispatch/middleware/templates/rescues/_request_and_response.html.erb
  Rendered /home/sly/.rvm/gems/ruby-2.2.4/gems/actionpack-5.0.1/lib/action_dispatch/middleware/templates/rescues/_request_and_response.html.erb (0.7ms)
  Rendered /home/sly/.rvm/gems/ruby-2.2.4/gems/actionpack-5.0.1/lib/action_dispatch/middleware/templates/rescues/routing_error.html.erb within rescues/layout (25.3ms)
Started POST "/__web_console/repl_sessions/57d153965438f5d2a3a360cd3a87d2bc/trace" for 127.0.0.1 at 2016-12-30 17:30:50 +0200
Started GET "/" for 127.0.0.1 at 2016-12-30 17:31:03 +0200
Processing by PostsController#index as HTML
  Rendering posts/index.html.erb within layouts/application
  [1m[36mUser Load (0.1ms)[0m  [1m[34mSELECT  "users".* FROM "users" WHERE "users"."remember_token" = ? LIMIT ?[0m  [["remember_token", "da39a3ee5e6b4b0d3255bfef95601890afd80709"], ["LIMIT", 1]]
  [1m[36mPost Load (0.1ms)[0m  [1m[34mSELECT "posts".* FROM "posts"[0m
  [1m[36mCACHE (0.0ms)[0m  [1m[34mSELECT  "users".* FROM "users" WHERE "users"."remember_token" = ? LIMIT ?[0m  [["remember_token", "da39a3ee5e6b4b0d3255bfef95601890afd80709"], ["LIMIT", 1]]
  Rendered posts/index.html.erb within layouts/application (12.7ms)
Completed 200 OK in 899ms (Views: 894.5ms | ActiveRecord: 0.9ms)


Started GET "/signin" for 127.0.0.1 at 2016-12-30 17:31:07 +0200
  
SyntaxError (/home/sly/members-only/app/controllers/sessions_controller.rb:25: syntax error, unexpected keyword_end, expecting end-of-input):
  
app/controllers/sessions_controller.rb:25: syntax error, unexpected keyword_end, expecting end-of-input
  Rendering /home/sly/.rvm/gems/ruby-2.2.4/gems/actionpack-5.0.1/lib/action_dispatch/middleware/templates/rescues/diagnostics.html.erb within rescues/layout
  Rendering /home/sly/.rvm/gems/ruby-2.2.4/gems/actionpack-5.0.1/lib/action_dispatch/middleware/templates/rescues/_source.html.erb
  Rendered /home/sly/.rvm/gems/ruby-2.2.4/gems/actionpack-5.0.1/lib/action_dispatch/middleware/templates/rescues/_source.html.erb (6.2ms)
  Rendering /home/sly/.rvm/gems/ruby-2.2.4/gems/actionpack-5.0.1/lib/action_dispatch/middleware/templates/rescues/_trace.html.erb
  Rendered /home/sly/.rvm/gems/ruby-2.2.4/gems/actionpack-5.0.1/lib/action_dispatch/middleware/templates/rescues/_trace.html.erb (10.8ms)
  Rendering /home/sly/.rvm/gems/ruby-2.2.4/gems/actionpack-5.0.1/lib/action_dispatch/middleware/templates/rescues/_request_and_response.html.erb
  Rendered /home/sly/.rvm/gems/ruby-2.2.4/gems/actionpack-5.0.1/lib/action_dispatch/middleware/templates/rescues/_request_and_response.html.erb (2.2ms)
  Rendered /home/sly/.rvm/gems/ruby-2.2.4/gems/actionpack-5.0.1/lib/action_dispatch/middleware/templates/rescues/diagnostics.html.erb within rescues/layout (32.6ms)
Started GET "/signin" for 127.0.0.1 at 2016-12-30 17:31:19 +0200
Processing by SessionsController#new as HTML
  Rendering sessions/new.html.erb within layouts/application
  Rendered sessions/new.html.erb within layouts/application (11.1ms)
Completed 200 OK in 40ms (Views: 39.2ms | ActiveRecord: 0.0ms)


Started GET "/" for 127.0.0.1 at 2016-12-30 17:31:23 +0200
Processing by PostsController#index as HTML
  Rendering posts/index.html.erb within layouts/application
  [1m[36mUser Load (0.1ms)[0m  [1m[34mSELECT  "users".* FROM "users" WHERE "users"."remember_token" = ? LIMIT ?[0m  [["remember_token", "da39a3ee5e6b4b0d3255bfef95601890afd80709"], ["LIMIT", 1]]
  [1m[36mPost Load (0.1ms)[0m  [1m[34mSELECT "posts".* FROM "posts"[0m
  [1m[36mCACHE (0.0ms)[0m  [1m[34mSELECT  "users".* FROM "users" WHERE "users"."remember_token" = ? LIMIT ?[0m  [["remember_token", "da39a3ee5e6b4b0d3255bfef95601890afd80709"], ["LIMIT", 1]]
  Rendered posts/index.html.erb within layouts/application (10.6ms)
Completed 200 OK in 37ms (Views: 30.5ms | ActiveRecord: 1.0ms)


Started GET "/signin" for 127.0.0.1 at 2016-12-30 17:31:25 +0200
Processing by SessionsController#new as HTML
  Rendering sessions/new.html.erb within layouts/application
  Rendered sessions/new.html.erb within layouts/application (1.8ms)
Completed 200 OK in 23ms (Views: 21.7ms | ActiveRecord: 0.0ms)


Started POST "/sessions" for 127.0.0.1 at 2016-12-30 17:31:34 +0200
Processing by SessionsController#create as HTML
  Parameters: {"utf8"=>"✓", "authenticity_token"=>"GeXaj1qfqaVPRJ4jQPlim8JwyqzuKYe/9rbVE9fv/M4lplHb5Czw0hMkcNOD7Inc8G2W6tOcF6u4Ekio2tEQ7A==", "session"=>{"email"=>"sly@sly.com", "password"=>"[FILTERED]"}, "commit"=>"Sign in"}
  [1m[36mUser Load (0.4ms)[0m  [1m[34mSELECT  "users".* FROM "users" WHERE "users"."email" = ? LIMIT ?[0m  [["email", "sly@sly.com"], ["LIMIT", 1]]
  [1m[35m (0.1ms)[0m  [1m[36mbegin transaction[0m
  [1m[35mSQL (0.3ms)[0m  [1m[33mUPDATE "users" SET "remember_token" = ?, "updated_at" = ? WHERE "users"."id" = ?[0m  [["remember_token", "8d8d962112e634709209d13bf84eb1866a455c3a"], ["updated_at", 2016-12-30 15:31:34 UTC], ["id", 1]]
  [1m[35m (80.5ms)[0m  [1m[36mcommit transaction[0m
Redirected to http://localhost:3000/
Completed 302 Found in 177ms (ActiveRecord: 82.7ms)


Started GET "/" for 127.0.0.1 at 2016-12-30 17:31:34 +0200
Processing by PostsController#index as HTML
  Rendering posts/index.html.erb within layouts/application
  [1m[36mUser Load (0.1ms)[0m  [1m[34mSELECT  "users".* FROM "users" WHERE "users"."remember_token" = ? LIMIT ?[0m  [["remember_token", "8d8d962112e634709209d13bf84eb1866a455c3a"], ["LIMIT", 1]]
  [1m[36mPost Load (0.1ms)[0m  [1m[34mSELECT "posts".* FROM "posts"[0m
  Rendered posts/index.html.erb within layouts/application (2.0ms)
Completed 200 OK in 18ms (Views: 16.5ms | ActiveRecord: 0.2ms)


Started GET "/posts/new" for 127.0.0.1 at 2016-12-30 17:31:39 +0200
Processing by PostsController#new as HTML
  [1m[36mUser Load (0.2ms)[0m  [1m[34mSELECT  "users".* FROM "users" WHERE "users"."remember_token" = ? LIMIT ?[0m  [["remember_token", "8d8d962112e634709209d13bf84eb1866a455c3a"], ["LIMIT", 1]]
  Rendering posts/new.html.erb within layouts/application
  Rendered posts/new.html.erb within layouts/application (8.0ms)
Completed 200 OK in 53ms (Views: 33.4ms | ActiveRecord: 1.0ms)


Started POST "/posts" for 127.0.0.1 at 2016-12-30 17:31:49 +0200
Processing by PostsController#create as HTML
  Parameters: {"utf8"=>"✓", "authenticity_token"=>"e2usvsvH3wMuOObL4ZSGh9KwjROH/itxtDxW/wEvXLyoJqzLTbHM7CgLZ/1Y4r83rlK4tZVYYZdNpdi2xKfXYg==", "post"=>{"title"=>"foobar", "body"=>"foobar barfoo"}, "commit"=>"Create Post"}
  [1m[36mUser Load (0.2ms)[0m  [1m[34mSELECT  "users".* FROM "users" WHERE "users"."remember_token" = ? LIMIT ?[0m  [["remember_token", "8d8d962112e634709209d13bf84eb1866a455c3a"], ["LIMIT", 1]]
  [1m[35m (0.1ms)[0m  [1m[36mbegin transaction[0m
  [1m[36mUser Load (0.1ms)[0m  [1m[34mSELECT  "users".* FROM "users" WHERE "users"."id" = ? LIMIT ?[0m  [["id", 1], ["LIMIT", 1]]
  [1m[35mSQL (0.2ms)[0m  [1m[32mINSERT INTO "posts" ("title", "body", "created_at", "updated_at", "user_id") VALUES (?, ?, ?, ?, ?)[0m  [["title", "foobar"], ["body", "foobar barfoo"], ["created_at", 2016-12-30 15:31:49 UTC], ["updated_at", 2016-12-30 15:31:49 UTC], ["user_id", 1]]
  [1m[35m (230.4ms)[0m  [1m[36mcommit transaction[0m
Redirected to http://localhost:3000/
Completed 302 Found in 246ms (ActiveRecord: 231.0ms)


Started GET "/" for 127.0.0.1 at 2016-12-30 17:31:50 +0200
Processing by PostsController#index as HTML
  Rendering posts/index.html.erb within layouts/application
  [1m[36mUser Load (0.1ms)[0m  [1m[34mSELECT  "users".* FROM "users" WHERE "users"."remember_token" = ? LIMIT ?[0m  [["remember_token", "8d8d962112e634709209d13bf84eb1866a455c3a"], ["LIMIT", 1]]
  [1m[36mPost Load (0.2ms)[0m  [1m[34mSELECT "posts".* FROM "posts"[0m
  [1m[36mUser Load (0.1ms)[0m  [1m[34mSELECT  "users".* FROM "users" WHERE "users"."id" = ? LIMIT ?[0m  [["id", 1], ["LIMIT", 1]]
  Rendered posts/index.html.erb within layouts/application (2.9ms)
Completed 200 OK in 16ms (Views: 14.7ms | ActiveRecord: 0.3ms)


Started GET "/" for 127.0.0.1 at 2016-12-30 17:31:53 +0200
Processing by PostsController#index as HTML
  Rendering posts/index.html.erb within layouts/application
  [1m[36mUser Load (0.1ms)[0m  [1m[34mSELECT  "users".* FROM "users" WHERE "users"."remember_token" = ? LIMIT ?[0m  [["remember_token", "8d8d962112e634709209d13bf84eb1866a455c3a"], ["LIMIT", 1]]
  [1m[36mPost Load (0.2ms)[0m  [1m[34mSELECT "posts".* FROM "posts"[0m
  [1m[36mUser Load (0.1ms)[0m  [1m[34mSELECT  "users".* FROM "users" WHERE "users"."id" = ? LIMIT ?[0m  [["id", 1], ["LIMIT", 1]]
  Rendered posts/index.html.erb within layouts/application (4.6ms)
Completed 200 OK in 20ms (Views: 18.8ms | ActiveRecord: 0.4ms)


Started DELETE "/signout" for 127.0.0.1 at 2016-12-30 17:31:54 +0200
Processing by SessionsController#destroy as HTML
  Parameters: {"authenticity_token"=>"X1zulxYewT8qndRYryhj8e3xDpLtZu/PZr1zs+Dt1u2g4BVrJer4ZP3rJXjq6TjweoPIBEgedK3/wwoeEo59ig=="}
  [1m[36mUser Load (0.1ms)[0m  [1m[34mSELECT  "users".* FROM "users" WHERE "users"."remember_token" = ? LIMIT ?[0m  [["remember_token", "8d8d962112e634709209d13bf84eb1866a455c3a"], ["LIMIT", 1]]
  [1m[35m (0.1ms)[0m  [1m[36mbegin transaction[0m
  [1m[35mSQL (0.4ms)[0m  [1m[33mUPDATE "users" SET "remember_token" = ?, "updated_at" = ? WHERE "users"."id" = ?[0m  [["remember_token", "5e57efc5e4b07562d1763c8458e3d462af5d1404"], ["updated_at", 2016-12-30 15:31:54 UTC], ["id", 1]]
  [1m[35m (118.8ms)[0m  [1m[36mcommit transaction[0m
Redirected to http://localhost:3000/
Completed 302 Found in 124ms (ActiveRecord: 119.4ms)


Started GET "/" for 127.0.0.1 at 2016-12-30 17:31:55 +0200
Processing by PostsController#index as HTML
  Rendering posts/index.html.erb within layouts/application
  [1m[36mUser Load (0.1ms)[0m  [1m[34mSELECT  "users".* FROM "users" WHERE "users"."remember_token" = ? LIMIT ?[0m  [["remember_token", "da39a3ee5e6b4b0d3255bfef95601890afd80709"], ["LIMIT", 1]]
  [1m[36mPost Load (0.1ms)[0m  [1m[34mSELECT "posts".* FROM "posts"[0m
  [1m[36mCACHE (0.0ms)[0m  [1m[34mSELECT  "users".* FROM "users" WHERE "users"."remember_token" = ? LIMIT ?[0m  [["remember_token", "da39a3ee5e6b4b0d3255bfef95601890afd80709"], ["LIMIT", 1]]
  [1m[36mCACHE (0.0ms)[0m  [1m[34mSELECT  "users".* FROM "users" WHERE "users"."remember_token" = ? LIMIT ?[0m  [["remember_token", "da39a3ee5e6b4b0d3255bfef95601890afd80709"], ["LIMIT", 1]]
  Rendered posts/index.html.erb within layouts/application (2.0ms)
Completed 200 OK in 16ms (Views: 15.1ms | ActiveRecord: 0.2ms)


Started GET "/signin" for 127.0.0.1 at 2016-12-30 17:31:57 +0200
Processing by SessionsController#new as HTML
  Rendering sessions/new.html.erb within layouts/application
  Rendered sessions/new.html.erb within layouts/application (2.1ms)
Completed 200 OK in 22ms (Views: 21.1ms | ActiveRecord: 0.0ms)


Started POST "/sessions" for 127.0.0.1 at 2016-12-30 17:32:05 +0200
Processing by SessionsController#create as HTML
  Parameters: {"utf8"=>"✓", "authenticity_token"=>"Dgk5limmk65JfKvQoGjSRRP5HS426rBwVYeE0Ur3SRsySrLClxXK2RUcRSBjfTkCIeRBaAtfIGQbIxlqR8mlOQ==", "session"=>{"email"=>"sly@sly.com", "password"=>"[FILTERED]"}, "commit"=>"Sign in"}
  [1m[36mUser Load (0.3ms)[0m  [1m[34mSELECT  "users".* FROM "users" WHERE "users"."email" = ? LIMIT ?[0m  [["email", "sly@sly.com"], ["LIMIT", 1]]
  [1m[35m (0.1ms)[0m  [1m[36mbegin transaction[0m
  [1m[35mSQL (0.6ms)[0m  [1m[33mUPDATE "users" SET "remember_token" = ?, "updated_at" = ? WHERE "users"."id" = ?[0m  [["remember_token", "ce9905c8071c43094f480202edf7e6b461dd7023"], ["updated_at", 2016-12-30 15:32:05 UTC], ["id", 1]]
  [1m[35m (146.8ms)[0m  [1m[36mcommit transaction[0m
Redirected to http://localhost:3000/
Completed 302 Found in 222ms (ActiveRecord: 147.7ms)


Started GET "/" for 127.0.0.1 at 2016-12-30 17:32:05 +0200
Processing by PostsController#index as HTML
  Rendering posts/index.html.erb within layouts/application
  [1m[36mUser Load (0.1ms)[0m  [1m[34mSELECT  "users".* FROM "users" WHERE "users"."remember_token" = ? LIMIT ?[0m  [["remember_token", "ce9905c8071c43094f480202edf7e6b461dd7023"], ["LIMIT", 1]]
  [1m[36mPost Load (0.5ms)[0m  [1m[34mSELECT "posts".* FROM "posts"[0m
  [1m[36mUser Load (0.1ms)[0m  [1m[34mSELECT  "users".* FROM "users" WHERE "users"."id" = ? LIMIT ?[0m  [["id", 1], ["LIMIT", 1]]
  Rendered posts/index.html.erb within layouts/application (5.4ms)
Completed 200 OK in 21ms (Views: 19.2ms | ActiveRecord: 0.7ms)


Started GET "/" for 127.0.0.1 at 2016-12-30 17:32:14 +0200
Processing by PostsController#index as HTML
  Rendering posts/index.html.erb within layouts/application
  [1m[36mUser Load (0.1ms)[0m  [1m[34mSELECT  "users".* FROM "users" WHERE "users"."remember_token" = ? LIMIT ?[0m  [["remember_token", "ce9905c8071c43094f480202edf7e6b461dd7023"], ["LIMIT", 1]]
  [1m[36mPost Load (0.2ms)[0m  [1m[34mSELECT "posts".* FROM "posts"[0m
  [1m[36mUser Load (0.1ms)[0m  [1m[34mSELECT  "users".* FROM "users" WHERE "users"."id" = ? LIMIT ?[0m  [["id", 1], ["LIMIT", 1]]
  Rendered posts/index.html.erb within layouts/application (5.9ms)
Completed 200 OK in 30ms (Views: 27.0ms | ActiveRecord: 0.4ms)


Started DELETE "/signout" for 127.0.0.1 at 2016-12-30 17:32:18 +0200
Processing by SessionsController#destroy as HTML
  Parameters: {"authenticity_token"=>"sKEujeuN5dakrsjPa1T1lBR4TiMkyd20v725vpzGFfhPHdVx2HncjXPYOe8ula6VgwqItYGxRtYmw8ATbqW+nw=="}
  [1m[36mUser Load (0.1ms)[0m  [1m[34mSELECT  "users".* FROM "users" WHERE "users"."remember_token" = ? LIMIT ?[0m  [["remember_token", "ce9905c8071c43094f480202edf7e6b461dd7023"], ["LIMIT", 1]]
  [1m[35m (0.1ms)[0m  [1m[36mbegin transaction[0m
  [1m[35mSQL (0.8ms)[0m  [1m[33mUPDATE "users" SET "remember_token" = ?, "updated_at" = ? WHERE "users"."id" = ?[0m  [["remember_token", "a31394ce01fcd071ce84a8ea35e5b70451f79e44"], ["updated_at", 2016-12-30 15:32:18 UTC], ["id", 1]]
  [1m[35m (124.6ms)[0m  [1m[36mcommit transaction[0m
Redirected to http://localhost:3000/
Completed 302 Found in 129ms (ActiveRecord: 125.5ms)


Started GET "/" for 127.0.0.1 at 2016-12-30 17:32:18 +0200
Processing by PostsController#index as HTML
  Rendering posts/index.html.erb within layouts/application
  [1m[36mUser Load (0.1ms)[0m  [1m[34mSELECT  "users".* FROM "users" WHERE "users"."remember_token" = ? LIMIT ?[0m  [["remember_token", "da39a3ee5e6b4b0d3255bfef95601890afd80709"], ["LIMIT", 1]]
  [1m[36mPost Load (0.1ms)[0m  [1m[34mSELECT "posts".* FROM "posts"[0m
  [1m[36mCACHE (0.0ms)[0m  [1m[34mSELECT  "users".* FROM "users" WHERE "users"."remember_token" = ? LIMIT ?[0m  [["remember_token", "da39a3ee5e6b4b0d3255bfef95601890afd80709"], ["LIMIT", 1]]
  [1m[36mCACHE (0.0ms)[0m  [1m[34mSELECT  "users".* FROM "users" WHERE "users"."remember_token" = ? LIMIT ?[0m  [["remember_token", "da39a3ee5e6b4b0d3255bfef95601890afd80709"], ["LIMIT", 1]]
  Rendered posts/index.html.erb within layouts/application (2.1ms)
Completed 200 OK in 17ms (Views: 16.0ms | ActiveRecord: 0.2ms)


Started GET "/" for 127.0.0.1 at 2016-12-30 17:32:29 +0200
Processing by PostsController#index as HTML
  Rendering posts/index.html.erb within layouts/application
  [1m[36mUser Load (0.1ms)[0m  [1m[34mSELECT  "users".* FROM "users" WHERE "users"."remember_token" = ? LIMIT ?[0m  [["remember_token", "da39a3ee5e6b4b0d3255bfef95601890afd80709"], ["LIMIT", 1]]
  [1m[36mPost Load (0.1ms)[0m  [1m[34mSELECT "posts".* FROM "posts"[0m
  [1m[36mCACHE (0.0ms)[0m  [1m[34mSELECT  "users".* FROM "users" WHERE "users"."remember_token" = ? LIMIT ?[0m  [["remember_token", "da39a3ee5e6b4b0d3255bfef95601890afd80709"], ["LIMIT", 1]]
  [1m[36mCACHE (0.0ms)[0m  [1m[34mSELECT  "users".* FROM "users" WHERE "users"."remember_token" = ? LIMIT ?[0m  [["remember_token", "da39a3ee5e6b4b0d3255bfef95601890afd80709"], ["LIMIT", 1]]
  Rendered posts/index.html.erb within layouts/application (2.9ms)
Completed 200 OK in 27ms (Views: 25.2ms | ActiveRecord: 0.3ms)


Started GET "/" for 127.0.0.1 at 2016-12-30 17:42:51 +0200
Processing by PostsController#index as HTML
  Rendering posts/index.html.erb within layouts/application
  [1m[36mUser Load (0.2ms)[0m  [1m[34mSELECT  "users".* FROM "users" WHERE "users"."remember_token" = ? LIMIT ?[0m  [["remember_token", "da39a3ee5e6b4b0d3255bfef95601890afd80709"], ["LIMIT", 1]]
  [1m[36mPost Load (0.2ms)[0m  [1m[34mSELECT "posts".* FROM "posts"[0m
  [1m[36mCACHE (0.0ms)[0m  [1m[34mSELECT  "users".* FROM "users" WHERE "users"."remember_token" = ? LIMIT ?[0m  [["remember_token", "da39a3ee5e6b4b0d3255bfef95601890afd80709"], ["LIMIT", 1]]
  [1m[36mCACHE (0.0ms)[0m  [1m[34mSELECT  "users".* FROM "users" WHERE "users"."remember_token" = ? LIMIT ?[0m  [["remember_token", "da39a3ee5e6b4b0d3255bfef95601890afd80709"], ["LIMIT", 1]]
  Rendered posts/index.html.erb within layouts/application (3.4ms)
Completed 200 OK in 19ms (Views: 18.0ms | ActiveRecord: 0.4ms)


Started GET "/" for 127.0.0.1 at 2016-12-30 17:47:54 +0200
  [1m[36mActiveRecord::SchemaMigration Load (0.1ms)[0m  [1m[34mSELECT "schema_migrations".* FROM "schema_migrations"[0m
Processing by PostsController#index as HTML
  Rendering posts/index.html.erb within layouts/application
  [1m[36mUser Load (0.2ms)[0m  [1m[34mSELECT  "users".* FROM "users" WHERE "users"."remember_token" = ? LIMIT ?[0m  [["remember_token", "da39a3ee5e6b4b0d3255bfef95601890afd80709"], ["LIMIT", 1]]
  [1m[36mPost Load (0.1ms)[0m  [1m[34mSELECT "posts".* FROM "posts"[0m
  [1m[36mUser Load (0.1ms)[0m  [1m[34mSELECT  "users".* FROM "users" WHERE "users"."remember_token" = ? LIMIT ?[0m  [["remember_token", "da39a3ee5e6b4b0d3255bfef95601890afd80709"], ["LIMIT", 1]]
  [1m[36mUser Load (0.0ms)[0m  [1m[34mSELECT  "users".* FROM "users" WHERE "users"."remember_token" = ? LIMIT ?[0m  [["remember_token", "da39a3ee5e6b4b0d3255bfef95601890afd80709"], ["LIMIT", 1]]
  Rendered posts/index.html.erb within layouts/application (26.3ms)
Completed 200 OK in 221ms (Views: 209.8ms | ActiveRecord: 0.9ms)


Started GET "/signin" for 127.0.0.1 at 2016-12-30 17:47:57 +0200
Processing by SessionsController#new as HTML
  Rendering sessions/new.html.erb within layouts/application
  Rendered sessions/new.html.erb within layouts/application (13.6ms)
Completed 200 OK in 29ms (Views: 28.0ms | ActiveRecord: 0.0ms)


Started GET "/" for 127.0.0.1 at 2016-12-30 17:56:24 +0200
  [1m[36mActiveRecord::SchemaMigration Load (0.2ms)[0m  [1m[34mSELECT "schema_migrations".* FROM "schema_migrations"[0m
Processing by PostsController#index as HTML
  Rendering posts/index.html.erb within layouts/application
  [1m[36mUser Load (0.3ms)[0m  [1m[34mSELECT  "users".* FROM "users" WHERE "users"."remember_token" = ? LIMIT ?[0m  [["remember_token", "da39a3ee5e6b4b0d3255bfef95601890afd80709"], ["LIMIT", 1]]
  [1m[36mPost Load (0.2ms)[0m  [1m[34mSELECT "posts".* FROM "posts"[0m
  [1m[36mUser Load (0.1ms)[0m  [1m[34mSELECT  "users".* FROM "users" WHERE "users"."remember_token" = ? LIMIT ?[0m  [["remember_token", "da39a3ee5e6b4b0d3255bfef95601890afd80709"], ["LIMIT", 1]]
  [1m[36mUser Load (0.1ms)[0m  [1m[34mSELECT  "users".* FROM "users" WHERE "users"."remember_token" = ? LIMIT ?[0m  [["remember_token", "da39a3ee5e6b4b0d3255bfef95601890afd80709"], ["LIMIT", 1]]
  Rendered posts/index.html.erb within layouts/application (36.2ms)
Completed 200 OK in 356ms (Views: 338.6ms | ActiveRecord: 1.5ms)


Started GET "/signin" for 127.0.0.1 at 2016-12-30 17:56:29 +0200
Processing by SessionsController#new as HTML
  Rendering sessions/new.html.erb within layouts/application
  Rendered sessions/new.html.erb within layouts/application (16.9ms)
Completed 200 OK in 37ms (Views: 35.9ms | ActiveRecord: 0.0ms)


Started GET "/" for 127.0.0.1 at 2016-12-30 17:58:00 +0200
Processing by PostsController#index as HTML
  Rendering posts/index.html.erb within layouts/application
  [1m[36mUser Load (0.4ms)[0m  [1m[34mSELECT  "users".* FROM "users" WHERE "users"."remember_token" = ? LIMIT ?[0m  [["remember_token", "da39a3ee5e6b4b0d3255bfef95601890afd80709"], ["LIMIT", 1]]
  [1m[36mPost Load (0.1ms)[0m  [1m[34mSELECT "posts".* FROM "posts"[0m
  [1m[36mCACHE (0.0ms)[0m  [1m[34mSELECT  "users".* FROM "users" WHERE "users"."remember_token" = ? LIMIT ?[0m  [["remember_token", "da39a3ee5e6b4b0d3255bfef95601890afd80709"], ["LIMIT", 1]]
  [1m[36mCACHE (0.0ms)[0m  [1m[34mSELECT  "users".* FROM "users" WHERE "users"."remember_token" = ? LIMIT ?[0m  [["remember_token", "da39a3ee5e6b4b0d3255bfef95601890afd80709"], ["LIMIT", 1]]
  Rendered posts/index.html.erb within layouts/application (3.4ms)
Completed 200 OK in 24ms (Views: 21.2ms | ActiveRecord: 0.6ms)


Started GET "/signin" for 127.0.0.1 at 2016-12-30 17:58:01 +0200
Processing by SessionsController#new as HTML
  Rendering sessions/new.html.erb within layouts/application
  Rendered sessions/new.html.erb within layouts/application (1.5ms)
Completed 200 OK in 26ms (Views: 25.0ms | ActiveRecord: 0.0ms)


Started POST "/sessions" for 127.0.0.1 at 2016-12-30 17:58:09 +0200
Processing by SessionsController#create as HTML
  Parameters: {"utf8"=>"✓", "authenticity_token"=>"Z2nR9Kn5JBPcBAq4+MLppAXUEBqIqVr9XIzidk4rcPtbKlqgF0p9ZIBk5Eg71wLjN8lMXLUcyukSKH/NQxWc2Q==", "session"=>{"email"=>"sly@sly.com", "password"=>"[FILTERED]"}, "commit"=>"Sign in"}
  [1m[36mUser Load (0.2ms)[0m  [1m[34mSELECT  "users".* FROM "users" WHERE "users"."email" = ? LIMIT ?[0m  [["email", "sly@sly.com"], ["LIMIT", 1]]
  [1m[35m (0.1ms)[0m  [1m[36mbegin transaction[0m
  [1m[35mSQL (1.0ms)[0m  [1m[33mUPDATE "users" SET "remember_token" = ?, "updated_at" = ? WHERE "users"."id" = ?[0m  [["remember_token", "023777f86c5cdfa1cccff39aee360166d36b3240"], ["updated_at", 2016-12-30 15:58:09 UTC], ["id", 1]]
  [1m[35m (46.3ms)[0m  [1m[36mcommit transaction[0m
Redirected to http://localhost:3000/
Completed 302 Found in 163ms (ActiveRecord: 48.0ms)


Started GET "/" for 127.0.0.1 at 2016-12-30 17:58:09 +0200
Processing by PostsController#index as HTML
  Rendering posts/index.html.erb within layouts/application
  [1m[36mUser Load (0.2ms)[0m  [1m[34mSELECT  "users".* FROM "users" WHERE "users"."remember_token" = ? LIMIT ?[0m  [["remember_token", "023777f86c5cdfa1cccff39aee360166d36b3240"], ["LIMIT", 1]]
  [1m[36mPost Load (0.1ms)[0m  [1m[34mSELECT "posts".* FROM "posts"[0m
  [1m[36mUser Load (0.2ms)[0m  [1m[34mSELECT  "users".* FROM "users" WHERE "users"."id" = ? LIMIT ?[0m  [["id", 1], ["LIMIT", 1]]
  Rendered posts/index.html.erb within layouts/application (12.2ms)
Completed 200 OK in 33ms (Views: 31.2ms | ActiveRecord: 0.5ms)


Started GET "/posts/new" for 127.0.0.1 at 2016-12-30 17:58:12 +0200
Processing by PostsController#new as HTML
  [1m[36mUser Load (0.3ms)[0m  [1m[34mSELECT  "users".* FROM "users" WHERE "users"."remember_token" = ? LIMIT ?[0m  [["remember_token", "023777f86c5cdfa1cccff39aee360166d36b3240"], ["LIMIT", 1]]
  Rendering posts/new.html.erb within layouts/application
  Rendered posts/new.html.erb within layouts/application (5.3ms)
Completed 200 OK in 31ms (Views: 27.3ms | ActiveRecord: 0.3ms)


Started GET "/" for 127.0.0.1 at 2016-12-30 17:58:16 +0200
Processing by PostsController#index as HTML
  Rendering posts/index.html.erb within layouts/application
  [1m[36mUser Load (0.1ms)[0m  [1m[34mSELECT  "users".* FROM "users" WHERE "users"."remember_token" = ? LIMIT ?[0m  [["remember_token", "023777f86c5cdfa1cccff39aee360166d36b3240"], ["LIMIT", 1]]
  [1m[36mPost Load (0.2ms)[0m  [1m[34mSELECT "posts".* FROM "posts"[0m
  [1m[36mUser Load (0.1ms)[0m  [1m[34mSELECT  "users".* FROM "users" WHERE "users"."id" = ? LIMIT ?[0m  [["id", 1], ["LIMIT", 1]]
  Rendered posts/index.html.erb within layouts/application (4.6ms)
Completed 200 OK in 29ms (Views: 27.9ms | ActiveRecord: 0.4ms)


Started GET "/" for 127.0.0.1 at 2016-12-30 18:25:12 +0200
  [1m[36mActiveRecord::SchemaMigration Load (0.2ms)[0m  [1m[34mSELECT "schema_migrations".* FROM "schema_migrations"[0m
Processing by PostsController#index as HTML
  Rendering posts/index.html.erb within layouts/application
  [1m[36mUser Load (0.2ms)[0m  [1m[34mSELECT  "users".* FROM "users" WHERE "users"."remember_token" = ? LIMIT ?[0m  [["remember_token", "023777f86c5cdfa1cccff39aee360166d36b3240"], ["LIMIT", 1]]
  [1m[36mPost Load (0.2ms)[0m  [1m[34mSELECT "posts".* FROM "posts"[0m
  [1m[36mUser Load (0.1ms)[0m  [1m[34mSELECT  "users".* FROM "users" WHERE "users"."id" = ? LIMIT ?[0m  [["id", 1], ["LIMIT", 1]]
  Rendered posts/index.html.erb within layouts/application (58.3ms)
Completed 200 OK in 403ms (Views: 384.7ms | ActiveRecord: 1.3ms)


Started DELETE "/signout" for 127.0.0.1 at 2016-12-30 18:25:15 +0200
Processing by SessionsController#destroy as HTML
  Parameters: {"authenticity_token"=>"OL3uqaTvntCaeHaQ6I5FSvPSz7UVx2EYJalD+FXBPrh6A6FQsVg+R/KbybKUOTV1ICNPyyRgRwFi03OccvUjug=="}
  [1m[36mUser Load (0.4ms)[0m  [1m[34mSELECT  "users".* FROM "users" WHERE "users"."remember_token" = ? LIMIT ?[0m  [["remember_token", "023777f86c5cdfa1cccff39aee360166d36b3240"], ["LIMIT", 1]]
  [1m[35m (0.1ms)[0m  [1m[36mbegin transaction[0m
  [1m[35mSQL (0.3ms)[0m  [1m[33mUPDATE "users" SET "remember_token" = ?, "updated_at" = ? WHERE "users"."id" = ?[0m  [["remember_token", "1855402aafceaa6faf007b0ba99c7a123d4a4a10"], ["updated_at", 2016-12-30 16:25:15 UTC], ["id", 1]]
  [1m[35m (136.4ms)[0m  [1m[36mcommit transaction[0m
Redirected to http://localhost:3000/
Completed 302 Found in 143ms (ActiveRecord: 137.2ms)


Started GET "/" for 127.0.0.1 at 2016-12-30 18:25:15 +0200
Processing by PostsController#index as HTML
  Rendering posts/index.html.erb within layouts/application
  [1m[36mUser Load (0.1ms)[0m  [1m[34mSELECT  "users".* FROM "users" WHERE "users"."remember_token" = ? LIMIT ?[0m  [["remember_token", "da39a3ee5e6b4b0d3255bfef95601890afd80709"], ["LIMIT", 1]]
  [1m[36mPost Load (0.1ms)[0m  [1m[34mSELECT "posts".* FROM "posts"[0m
  [1m[36mCACHE (0.0ms)[0m  [1m[34mSELECT  "users".* FROM "users" WHERE "users"."remember_token" = ? LIMIT ?[0m  [["remember_token", "da39a3ee5e6b4b0d3255bfef95601890afd80709"], ["LIMIT", 1]]
  [1m[36mCACHE (0.0ms)[0m  [1m[34mSELECT  "users".* FROM "users" WHERE "users"."remember_token" = ? LIMIT ?[0m  [["remember_token", "da39a3ee5e6b4b0d3255bfef95601890afd80709"], ["LIMIT", 1]]
  Rendered posts/index.html.erb within layouts/application (2.0ms)
Completed 200 OK in 16ms (Views: 14.8ms | ActiveRecord: 0.3ms)


Started GET "/signin" for 127.0.0.1 at 2016-12-30 18:25:16 +0200
Processing by SessionsController#new as HTML
  Rendering sessions/new.html.erb within layouts/application
  Rendered sessions/new.html.erb within layouts/application (76.1ms)
Completed 200 OK in 92ms (Views: 90.1ms | ActiveRecord: 0.0ms)


Started POST "/sessions" for 127.0.0.1 at 2016-12-30 18:25:22 +0200
Processing by SessionsController#create as HTML
  Parameters: {"utf8"=>"✓", "authenticity_token"=>"lUBsSHnQubd5FpjNjN1E6D80GQfSnvxwtiQUreG7pQrG9FuCX2e1rB8c2bXN0dY77KonAudmIbGtRmGSo+QAcA==", "session"=>{"email"=>"sly@sly.com", "password"=>"[FILTERED]"}, "commit"=>"Sign in"}
  [1m[36mUser Load (0.4ms)[0m  [1m[34mSELECT  "users".* FROM "users" WHERE "users"."email" = ? LIMIT ?[0m  [["email", "sly@sly.com"], ["LIMIT", 1]]
  [1m[35m (0.1ms)[0m  [1m[36mbegin transaction[0m
  [1m[35mSQL (0.6ms)[0m  [1m[33mUPDATE "users" SET "remember_token" = ?, "updated_at" = ? WHERE "users"."id" = ?[0m  [["remember_token", "9abc1fb0d03767137abdf04f385846646378f6eb"], ["updated_at", 2016-12-30 16:25:22 UTC], ["id", 1]]
  [1m[35m (139.7ms)[0m  [1m[36mcommit transaction[0m
Redirected to http://localhost:3000/
Completed 302 Found in 218ms (ActiveRecord: 140.7ms)


Started GET "/" for 127.0.0.1 at 2016-12-30 18:25:22 +0200
Processing by PostsController#index as HTML
  Rendering posts/index.html.erb within layouts/application
  [1m[36mUser Load (0.1ms)[0m  [1m[34mSELECT  "users".* FROM "users" WHERE "users"."remember_token" = ? LIMIT ?[0m  [["remember_token", "9abc1fb0d03767137abdf04f385846646378f6eb"], ["LIMIT", 1]]
  [1m[36mPost Load (0.1ms)[0m  [1m[34mSELECT "posts".* FROM "posts"[0m
  [1m[36mUser Load (0.1ms)[0m  [1m[34mSELECT  "users".* FROM "users" WHERE "users"."id" = ? LIMIT ?[0m  [["id", 1], ["LIMIT", 1]]
  Rendered posts/index.html.erb within layouts/application (2.2ms)
Completed 200 OK in 15ms (Views: 13.6ms | ActiveRecord: 0.3ms)


Started GET "/" for 127.0.0.1 at 2016-12-30 18:30:59 +0200
  [1m[36mActiveRecord::SchemaMigration Load (0.1ms)[0m  [1m[34mSELECT "schema_migrations".* FROM "schema_migrations"[0m
Processing by PostsController#index as HTML
  Rendering posts/index.html.erb within layouts/application
  [1m[36mUser Load (0.1ms)[0m  [1m[34mSELECT  "users".* FROM "users" WHERE "users"."remember_token" = ? LIMIT ?[0m  [["remember_token", "9abc1fb0d03767137abdf04f385846646378f6eb"], ["LIMIT", 1]]
  [1m[36mPost Load (0.1ms)[0m  [1m[34mSELECT "posts".* FROM "posts"[0m
  [1m[36mUser Load (0.2ms)[0m  [1m[34mSELECT  "users".* FROM "users" WHERE "users"."id" = ? LIMIT ?[0m  [["id", 1], ["LIMIT", 1]]
  Rendered posts/index.html.erb within layouts/application (40.6ms)
Completed 200 OK in 276ms (Views: 263.3ms | ActiveRecord: 1.2ms)


Started GET "/signin" for 127.0.0.1 at 2016-12-30 18:31:00 +0200
Processing by SessionsController#new as HTML
  Rendering sessions/new.html.erb within layouts/application
  Rendered sessions/new.html.erb within layouts/application (10.8ms)
Completed 200 OK in 27ms (Views: 25.7ms | ActiveRecord: 0.0ms)


Started DELETE "/signout" for 127.0.0.1 at 2016-12-30 18:31:04 +0200
Processing by SessionsController#destroy as HTML
  Parameters: {"authenticity_token"=>"m1A7KoAyHDI0s0LAuUTjvqAUJWj7UE8O+oaz8EvZd+vZ7nTTlYW8pVxQ/eLF85OBc+WlFsr3aRe9/IOUbO1q6Q=="}
  [1m[36mUser Load (0.1ms)[0m  [1m[34mSELECT  "users".* FROM "users" WHERE "users"."remember_token" = ? LIMIT ?[0m  [["remember_token", "9abc1fb0d03767137abdf04f385846646378f6eb"], ["LIMIT", 1]]
  [1m[35m (0.2ms)[0m  [1m[36mbegin transaction[0m
  [1m[35mSQL (0.3ms)[0m  [1m[33mUPDATE "users" SET "remember_token" = ?, "updated_at" = ? WHERE "users"."id" = ?[0m  [["remember_token", "39062d67f176806ed36a6c29ad74c9fec7b20e81"], ["updated_at", 2016-12-30 16:31:04 UTC], ["id", 1]]
  [1m[35m (107.3ms)[0m  [1m[36mcommit transaction[0m
Redirected to http://localhost:3000/
Completed 302 Found in 114ms (ActiveRecord: 107.9ms)


Started GET "/" for 127.0.0.1 at 2016-12-30 18:31:04 +0200
Processing by PostsController#index as HTML
  Rendering posts/index.html.erb within layouts/application
  [1m[36mUser Load (0.1ms)[0m  [1m[34mSELECT  "users".* FROM "users" WHERE "users"."remember_token" = ? LIMIT ?[0m  [["remember_token", "da39a3ee5e6b4b0d3255bfef95601890afd80709"], ["LIMIT", 1]]
  [1m[36mPost Load (0.1ms)[0m  [1m[34mSELECT "posts".* FROM "posts"[0m
  [1m[36mCACHE (0.0ms)[0m  [1m[34mSELECT  "users".* FROM "users" WHERE "users"."remember_token" = ? LIMIT ?[0m  [["remember_token", "da39a3ee5e6b4b0d3255bfef95601890afd80709"], ["LIMIT", 1]]
  [1m[36mCACHE (0.0ms)[0m  [1m[34mSELECT  "users".* FROM "users" WHERE "users"."remember_token" = ? LIMIT ?[0m  [["remember_token", "da39a3ee5e6b4b0d3255bfef95601890afd80709"], ["LIMIT", 1]]
  Rendered posts/index.html.erb within layouts/application (2.0ms)
Completed 200 OK in 15ms (Views: 13.9ms | ActiveRecord: 0.2ms)


Started GET "/signin" for 127.0.0.1 at 2016-12-30 18:31:05 +0200
Processing by SessionsController#new as HTML
  Rendering sessions/new.html.erb within layouts/application
  Rendered sessions/new.html.erb within layouts/application (1.3ms)
Completed 200 OK in 18ms (Views: 16.7ms | ActiveRecord: 0.0ms)


Started POST "/sessions" for 127.0.0.1 at 2016-12-30 18:31:12 +0200
Processing by SessionsController#create as HTML
  Parameters: {"utf8"=>"✓", "authenticity_token"=>"/4iKcpEn6G2s4/ysBn9Kgrq/tzsHP6HHUjxFEbuZE1OsPL24t5DkdsrpvdRHc9hRaSGJPjLHfAZJXjAu+ca2KQ==", "session"=>{"email"=>"sly@sly.com", "password"=>"[FILTERED]"}, "commit"=>"Sign in"}
  [1m[36mUser Load (0.3ms)[0m  [1m[34mSELECT  "users".* FROM "users" WHERE "users"."email" = ? LIMIT ?[0m  [["email", "sly@sly.com"], ["LIMIT", 1]]
  [1m[35m (0.1ms)[0m  [1m[36mbegin transaction[0m
  [1m[35mSQL (0.2ms)[0m  [1m[33mUPDATE "users" SET "remember_token" = ?, "updated_at" = ? WHERE "users"."id" = ?[0m  [["remember_token", "82bae7ac30b3438f42f1b01a0fde2427be7737b5"], ["updated_at", 2016-12-30 16:31:12 UTC], ["id", 1]]
  [1m[35m (70.9ms)[0m  [1m[36mcommit transaction[0m
Redirected to http://localhost:3000/
Completed 302 Found in 167ms (ActiveRecord: 71.5ms)


Started GET "/" for 127.0.0.1 at 2016-12-30 18:31:12 +0200
Processing by PostsController#index as HTML
  Rendering posts/index.html.erb within layouts/application
  [1m[36mUser Load (0.1ms)[0m  [1m[34mSELECT  "users".* FROM "users" WHERE "users"."remember_token" = ? LIMIT ?[0m  [["remember_token", "82bae7ac30b3438f42f1b01a0fde2427be7737b5"], ["LIMIT", 1]]
  [1m[36mPost Load (0.1ms)[0m  [1m[34mSELECT "posts".* FROM "posts"[0m
  [1m[36mUser Load (0.1ms)[0m  [1m[34mSELECT  "users".* FROM "users" WHERE "users"."id" = ? LIMIT ?[0m  [["id", 1], ["LIMIT", 1]]
  Rendered posts/index.html.erb within layouts/application (3.1ms)
Completed 200 OK in 15ms (Views: 14.3ms | ActiveRecord: 0.3ms)


